Input Notebook:  latents_pipeline.ipynb
Output Notebook: outputs/latents_pipeline_run.ipynb
Working directory: .
Executing:   0%|          | 0/6 [00:00<?, ?cell/s]Executing notebook with kernel: schicenv
Executing Cell 1---------------------------------------
/etc/python/sitecustomize.py:117: TqdmWarning: IProgress not found. Please update jupyter and ipywidgets. See https://ipywidgets.readthedocs.io/en/stable/user_install.html
  mod = _original_import(name, globals, locals, fromlist, level)

Using device: cuda

Ending Cell 1------------------------------------------
Executing:  17%|█▋        | 1/6 [00:04<00:22,  4.46s/cell]Executing Cell 2---------------------------------------
Ending Cell 2------------------------------------------
Executing Cell 3---------------------------------------
{'chr1': 198, 'chr2': 183, 'chr3': 161, 'chr4': 157, 'chr5': 153, 'chr6': 150, 'chr7': 153, 'chr8': 132, 'chr9': 125, 'chr10': 131, 'chr11': 123, 'chr12': 122, 'chr13': 121, 'chr14': 126, 'chr15': 105, 'chr16': 99, 'chr17': 96, 'chr18': 91, 'chr19': 62, 'chrX': 172}
total bins:  2660

Ending Cell 3------------------------------------------
Executing Cell 4---------------------------------------
Ending Cell 4------------------------------------------
Executing Cell 5---------------------------------------
Ending Cell 5------------------------------------------
Executing Cell 6---------------------------------------
Started: Making latenet representations for G1 cells.

epoch 99, loss 0.6264

epoch 99, loss 0.7776

epoch 99, loss 0.6797

epoch 99, loss 0.8874

epoch 99, loss 0.5168

epoch 99, loss 0.8706

epoch 99, loss 0.8599

epoch 99, loss 0.8633

epoch 99, loss 0.9132

epoch 99, loss 0.8293

epoch 99, loss 0.4984

epoch 99, loss 1.5553

epoch 99, loss 0.5543

epoch 99, loss 0.8481

epoch 99, loss 0.9814

epoch 99, loss 0.9488

epoch 99, loss 0.9107

epoch 99, loss 0.9103

epoch 99, loss 0.9423

epoch 99, loss 0.8597

epoch 99, loss 0.8447

epoch 99, loss 0.5401

epoch 99, loss 1.1162

epoch 99, loss 0.8529

epoch 99, loss 0.8763

epoch 99, loss 0.8242

epoch 99, loss 0.8716

epoch 99, loss 0.8565

epoch 99, loss 1.0803

epoch 99, loss 0.9826

epoch 99, loss 0.9702

epoch 99, loss 0.8857

epoch 99, loss 0.9245

epoch 99, loss 0.7945

epoch 99, loss 0.8010

epoch 99, loss 0.8463

epoch 99, loss 0.8264

epoch 99, loss 0.8074

epoch 99, loss 0.9180

epoch 99, loss 0.8585

epoch 99, loss 0.7656

epoch 99, loss 0.9068

epoch 99, loss 0.9015

epoch 99, loss 0.8254

epoch 99, loss 0.7402

epoch 99, loss 0.8022

epoch 99, loss 0.8592

epoch 99, loss 0.8579

epoch 99, loss 1.0025

epoch 99, loss 0.7680

epoch 99, loss 0.6586

epoch 99, loss 0.6639

epoch 99, loss 0.6406

epoch 99, loss 1.0627

epoch 99, loss 0.8301

epoch 99, loss 0.7830

epoch 99, loss 0.4569

epoch 99, loss 0.7300

epoch 99, loss 1.0456

epoch 99, loss 0.8537

epoch 99, loss 0.6206

epoch 99, loss 0.9212

epoch 99, loss 0.9473

epoch 99, loss 0.7569

epoch 99, loss 0.9209

epoch 99, loss 0.7897

epoch 99, loss 0.8240

epoch 99, loss 0.8745

epoch 99, loss 0.7849

epoch 99, loss 0.9513

epoch 99, loss 0.9811

epoch 99, loss 0.6749

epoch 99, loss 0.8897

epoch 99, loss 0.5108

epoch 99, loss 0.8475

epoch 99, loss 0.8980

epoch 99, loss 0.4558

epoch 99, loss 0.3192

epoch 99, loss 0.5924

epoch 99, loss 0.7722

epoch 99, loss 0.6283

epoch 99, loss 0.6627

epoch 99, loss 0.8002

epoch 99, loss 0.6051

epoch 99, loss 0.9994

epoch 99, loss 1.5088

epoch 99, loss 0.5975

epoch 99, loss 0.9404

epoch 99, loss 0.8880

epoch 99, loss 0.2705

epoch 99, loss 0.7646

epoch 99, loss 0.9880

epoch 99, loss 0.7393

epoch 99, loss 0.5048

epoch 99, loss 0.6631

epoch 99, loss 0.8997

epoch 99, loss 0.9175

epoch 99, loss 0.8879

epoch 99, loss 0.9326

epoch 99, loss 0.8586

epoch 99, loss 0.8758

epoch 99, loss 0.9142

epoch 99, loss 0.9242

epoch 99, loss 0.6493

epoch 99, loss 0.8562

epoch 99, loss 0.9384

epoch 99, loss 0.9740

epoch 99, loss 1.0355

epoch 99, loss 0.8776

epoch 99, loss 0.7984

epoch 99, loss 1.0845

epoch 99, loss 0.7878

epoch 99, loss 0.8211

epoch 99, loss 0.8359

epoch 99, loss 1.0653

epoch 99, loss 0.9633

epoch 99, loss 0.8355

epoch 99, loss 0.9003

epoch 99, loss 1.0658

epoch 99, loss 0.8779

epoch 99, loss 0.5996

epoch 99, loss 0.8818

epoch 99, loss 0.8880

epoch 99, loss 0.4789

epoch 99, loss 1.1518

epoch 99, loss 0.8477

epoch 99, loss 0.9862

epoch 99, loss 0.7702

epoch 99, loss 0.7820

epoch 99, loss 0.7275

epoch 99, loss 0.8678

epoch 99, loss 0.9347

epoch 99, loss 0.6706

epoch 99, loss 0.8313

epoch 99, loss 0.3088

epoch 99, loss 0.9404

epoch 99, loss 0.7892

epoch 99, loss 0.7608

epoch 99, loss 0.7223

epoch 99, loss 0.7893

epoch 99, loss 0.8909

epoch 99, loss 0.7330

epoch 99, loss 0.7887

epoch 99, loss 0.9899

epoch 99, loss 0.8841

epoch 99, loss 0.5122

epoch 99, loss 0.8514

epoch 99, loss 0.9041

epoch 99, loss 0.9512

epoch 99, loss 0.9581

epoch 99, loss 0.8935

epoch 99, loss 0.8366

epoch 99, loss 1.0013

epoch 99, loss 0.8264

epoch 99, loss 0.5170

epoch 99, loss 0.8448

epoch 99, loss 1.0528

epoch 99, loss 0.9530

epoch 99, loss 0.9511

epoch 99, loss 1.1518

epoch 99, loss 0.8937

epoch 99, loss 0.7199

epoch 99, loss 0.7617

epoch 99, loss 0.8686

epoch 99, loss 1.0591

epoch 99, loss 0.8784

epoch 99, loss 0.4872

epoch 99, loss 0.2971

epoch 99, loss 0.8848

epoch 99, loss 0.4186

epoch 99, loss 0.6312

epoch 99, loss 1.4976

epoch 99, loss 0.8009

epoch 99, loss 0.8606

epoch 99, loss 0.7688

epoch 99, loss 0.6111

epoch 99, loss 0.9011

epoch 99, loss 0.9841

epoch 99, loss 0.6202

epoch 99, loss 1.0026

epoch 99, loss 0.8388

epoch 99, loss 1.0494

epoch 99, loss 0.7481

epoch 99, loss 0.7154

epoch 99, loss 0.9044

epoch 99, loss 0.8365

epoch 99, loss 0.6933

epoch 99, loss 0.9006

epoch 99, loss 0.6449

epoch 99, loss 0.3357

epoch 99, loss 0.5699

epoch 99, loss 0.7801

epoch 99, loss 0.7634

epoch 99, loss 0.6513

epoch 99, loss 0.8861

epoch 99, loss 0.8688

epoch 99, loss 0.7665

epoch 99, loss 0.8030

epoch 99, loss 0.8782

epoch 99, loss 0.7618

epoch 99, loss 0.4796

epoch 99, loss 0.6448

epoch 99, loss 0.6204

epoch 99, loss 0.7940

epoch 99, loss 0.7650

epoch 99, loss 0.8940

epoch 99, loss 0.7696

epoch 99, loss 0.9861

epoch 99, loss 0.9445

epoch 99, loss 1.0042

epoch 99, loss 0.6432

epoch 99, loss 0.7573

epoch 99, loss 0.8671

epoch 99, loss 0.7256

epoch 99, loss 0.7708

epoch 99, loss 1.5922

epoch 99, loss 0.7701

epoch 99, loss 0.8574

epoch 99, loss 0.8834

epoch 99, loss 0.8649

epoch 99, loss 0.9718

epoch 99, loss 0.9494

epoch 99, loss 0.7614

epoch 99, loss 0.7501

epoch 99, loss 0.8123

epoch 99, loss 0.8035

epoch 99, loss 0.5915

epoch 99, loss 0.8382

epoch 99, loss 0.9381

epoch 99, loss 0.8632

epoch 99, loss 0.7606

epoch 99, loss 0.9296

epoch 99, loss 0.6893

epoch 99, loss 0.8642

epoch 99, loss 0.8790

epoch 99, loss 0.9941

epoch 99, loss 0.6305

epoch 99, loss 0.8812

epoch 99, loss 0.8338

epoch 99, loss 0.8146

epoch 99, loss 0.7440

epoch 99, loss 0.6751

epoch 99, loss 1.2419

epoch 99, loss 0.8661

epoch 99, loss 0.7902

epoch 99, loss 0.8664

epoch 99, loss 0.7245

epoch 99, loss 0.8265

epoch 99, loss 0.8697

epoch 99, loss 0.8271

epoch 99, loss 0.9447

epoch 99, loss 0.9037

epoch 99, loss 0.9019

epoch 99, loss 0.8784

epoch 99, loss 0.6813

epoch 99, loss 0.8455

epoch 99, loss 0.8684

epoch 99, loss 0.7058

epoch 99, loss 0.4133

epoch 99, loss 0.6452

epoch 99, loss 0.7973

epoch 99, loss 0.8664

epoch 99, loss 0.8099

epoch 99, loss 0.8723

epoch 99, loss 0.9010

epoch 99, loss 0.7223

epoch 99, loss 0.8450

epoch 99, loss 0.8853

epoch 99, loss 0.7969

epoch 99, loss 0.4845

epoch 99, loss 0.8758

epoch 99, loss 0.9152

epoch 99, loss 0.8419

epoch 99, loss 0.9017

epoch 99, loss 0.8998

epoch 99, loss 0.7325

epoch 99, loss 0.9952

epoch 99, loss 0.6822

epoch 99, loss 0.8027

epoch 99, loss 0.8735
Started: Making latenet representations for early_S cells.

epoch 99, loss 0.5894

epoch 99, loss 1.0716

epoch 99, loss 0.9115

epoch 99, loss 0.7165

epoch 99, loss 0.9907

epoch 99, loss 0.9338

epoch 99, loss 1.1083

epoch 99, loss 1.1144

epoch 99, loss 1.1799

epoch 99, loss 0.8131

epoch 99, loss 0.6505

epoch 99, loss 1.1287

epoch 99, loss 0.9583

epoch 99, loss 0.5440

epoch 99, loss 1.3071

epoch 99, loss 1.0818

epoch 99, loss 1.2137

epoch 99, loss 1.0149

epoch 99, loss 1.2033

epoch 99, loss 1.2136

epoch 99, loss 1.1093

epoch 99, loss 1.0724

epoch 99, loss 0.9993

epoch 99, loss 1.1873

epoch 99, loss 1.1391

epoch 99, loss 0.9629

epoch 99, loss 0.5593

epoch 99, loss 1.1677

epoch 99, loss 1.3162

epoch 99, loss 1.3312

epoch 99, loss 1.1613

epoch 99, loss 1.1046

epoch 99, loss 1.3612

epoch 99, loss 0.8003

epoch 99, loss 1.0366

epoch 99, loss 1.2686

epoch 99, loss 1.1417

epoch 99, loss 1.0995

epoch 99, loss 1.1399

epoch 99, loss 1.3216

epoch 99, loss 1.1106

epoch 99, loss 0.9828

epoch 99, loss 0.8704

epoch 99, loss 1.1378

epoch 99, loss 0.8416

epoch 99, loss 1.0524

epoch 99, loss 1.1194

epoch 99, loss 1.0960

epoch 99, loss 1.1055

epoch 99, loss 1.1976

epoch 99, loss 1.1545

epoch 99, loss 1.0674

epoch 99, loss 0.9927

epoch 99, loss 1.1001

epoch 99, loss 1.0861

epoch 99, loss 0.9613

epoch 99, loss 0.8942

epoch 99, loss 1.0581

epoch 99, loss 0.7479

epoch 99, loss 0.9493

epoch 99, loss 0.9761

epoch 99, loss 1.0765

epoch 99, loss 0.9823

epoch 99, loss 1.2281

epoch 99, loss 1.3193

epoch 99, loss 0.6717

epoch 99, loss 1.0785

epoch 99, loss 0.7106

epoch 99, loss 1.0876

epoch 99, loss 1.0494

epoch 99, loss 1.2776

epoch 99, loss 1.1033

epoch 99, loss 1.1207

epoch 99, loss 1.0245

epoch 99, loss 0.9306

epoch 99, loss 1.0818

epoch 99, loss 1.1300

epoch 99, loss 1.0316

epoch 99, loss 0.9281

epoch 99, loss 1.1038

epoch 99, loss 0.4407

epoch 99, loss 1.0764

epoch 99, loss 1.2640

epoch 99, loss 0.9655

epoch 99, loss 1.0674

epoch 99, loss 1.1427

epoch 99, loss 1.0369

epoch 99, loss 1.2740

epoch 99, loss 1.3229

epoch 99, loss 1.1510

epoch 99, loss 1.0679

epoch 99, loss 1.0389

epoch 99, loss 1.3178

epoch 99, loss 1.1182

epoch 99, loss 0.8659

epoch 99, loss 1.0381

epoch 99, loss 0.9474

epoch 99, loss 1.1024

epoch 99, loss 1.1911

epoch 99, loss 0.7280

epoch 99, loss 1.0252

epoch 99, loss 0.9062

epoch 99, loss 1.1146

epoch 99, loss 1.1513

epoch 99, loss 1.1959

epoch 99, loss 1.0338

epoch 99, loss 0.9649

epoch 99, loss 1.1250

epoch 99, loss 1.1463

epoch 99, loss 0.8702

epoch 99, loss 1.1336

epoch 99, loss 1.1164

epoch 99, loss 0.7226

epoch 99, loss 1.2226

epoch 99, loss 1.0495

epoch 99, loss 1.0639

epoch 99, loss 0.9510

epoch 99, loss 0.9421

epoch 99, loss 0.6899

epoch 99, loss 1.1135

epoch 99, loss 1.1500

epoch 99, loss 1.4526

epoch 99, loss 1.0356

epoch 99, loss 1.0480

epoch 99, loss 1.1107

epoch 99, loss 0.6260

epoch 99, loss 1.0582

epoch 99, loss 1.2288

epoch 99, loss 1.1117

epoch 99, loss 1.0882

epoch 99, loss 1.2092

epoch 99, loss 1.2679

epoch 99, loss 1.0725

epoch 99, loss 0.5429

epoch 99, loss 1.0060

epoch 99, loss 1.1086

epoch 99, loss 1.2197

epoch 99, loss 1.0233

epoch 99, loss 1.0470

epoch 99, loss 1.0780

epoch 99, loss 1.0967

epoch 99, loss 0.9026

epoch 99, loss 1.1232

epoch 99, loss 1.1740

epoch 99, loss 0.9407

epoch 99, loss 1.1864

epoch 99, loss 0.9999

epoch 99, loss 1.0437

epoch 99, loss 1.1311

epoch 99, loss 0.9689

epoch 99, loss 1.0191

epoch 99, loss 1.1516

epoch 99, loss 1.0184

epoch 99, loss 1.0708

epoch 99, loss 1.0599

epoch 99, loss 1.1457

epoch 99, loss 0.6021

epoch 99, loss 1.0397

epoch 99, loss 1.2158

epoch 99, loss 1.0139

epoch 99, loss 1.1406

epoch 99, loss 1.0151

epoch 99, loss 1.1752

epoch 99, loss 1.0146

epoch 99, loss 0.8345

epoch 99, loss 1.1917

epoch 99, loss 1.0562

epoch 99, loss 0.6641

epoch 99, loss 1.0562

epoch 99, loss 0.9626

epoch 99, loss 1.0391

epoch 99, loss 0.6520

epoch 99, loss 0.9919

epoch 99, loss 0.8421

epoch 99, loss 1.1083

epoch 99, loss 1.0237

epoch 99, loss 0.6462

epoch 99, loss 1.0189

epoch 99, loss 0.8072

epoch 99, loss 0.8486

epoch 99, loss 1.5905

epoch 99, loss 0.3920

epoch 99, loss 1.2493

epoch 99, loss 1.0414

epoch 99, loss 1.0348

epoch 99, loss 0.5047

epoch 99, loss 0.3921

epoch 99, loss 0.7522

epoch 99, loss 1.1195

epoch 99, loss 0.4500

epoch 99, loss 0.7389

epoch 99, loss 1.1596

epoch 99, loss 1.1165

epoch 99, loss 1.1883

epoch 99, loss 1.2064

epoch 99, loss 0.9948

epoch 99, loss 1.0235

epoch 99, loss 0.5803

epoch 99, loss 1.0269

epoch 99, loss 1.0211

epoch 99, loss 1.0866

epoch 99, loss 1.0580

epoch 99, loss 1.0869

epoch 99, loss 1.1325

epoch 99, loss 1.1307

epoch 99, loss 0.7716

epoch 99, loss 1.1712

epoch 99, loss 0.8499

epoch 99, loss 1.0111

epoch 99, loss 1.0874

epoch 99, loss 0.9944

epoch 99, loss 1.0690

epoch 99, loss 1.1155

epoch 99, loss 0.9135

epoch 99, loss 1.0000

epoch 99, loss 1.1071

epoch 99, loss 1.1910

epoch 99, loss 0.8658

epoch 99, loss 1.0983

epoch 99, loss 0.7396

epoch 99, loss 1.1121

epoch 99, loss 1.0253

epoch 99, loss 1.1532

epoch 99, loss 1.1021

epoch 99, loss 0.7253

epoch 99, loss 1.0617

epoch 99, loss 0.8804

epoch 99, loss 1.1131

epoch 99, loss 0.3662

epoch 99, loss 0.7967

epoch 99, loss 1.1441

epoch 99, loss 1.1065

epoch 99, loss 1.0522

epoch 99, loss 1.2462

epoch 99, loss 0.9630

epoch 99, loss 0.9460

epoch 99, loss 1.0307

epoch 99, loss 1.0835

epoch 99, loss 1.1999

epoch 99, loss 1.1519

epoch 99, loss 0.9181

epoch 99, loss 1.1467

epoch 99, loss 0.8959

epoch 99, loss 1.0839

epoch 99, loss 1.0232

epoch 99, loss 1.0545

epoch 99, loss 0.9357

epoch 99, loss 1.1760

epoch 99, loss 1.0359

epoch 99, loss 1.2718

epoch 99, loss 0.7527

epoch 99, loss 0.9436

epoch 99, loss 1.1215

epoch 99, loss 0.9529

epoch 99, loss 1.1357

epoch 99, loss 1.2716

epoch 99, loss 1.1358

epoch 99, loss 1.2950

epoch 99, loss 1.0574

epoch 99, loss 0.9754

epoch 99, loss 1.1021

epoch 99, loss 1.1217

epoch 99, loss 1.0409

epoch 99, loss 1.0395

epoch 99, loss 0.9494

epoch 99, loss 1.1102

epoch 99, loss 0.9050

epoch 99, loss 1.0230

epoch 99, loss 1.0717

epoch 99, loss 0.9857

epoch 99, loss 0.8526

epoch 99, loss 1.2629

epoch 99, loss 1.0370

epoch 99, loss 1.2057

epoch 99, loss 1.1122

epoch 99, loss 0.7458

epoch 99, loss 1.0052

epoch 99, loss 1.2140

epoch 99, loss 0.9841

epoch 99, loss 1.0730

epoch 99, loss 0.9617

epoch 99, loss 0.9128

epoch 99, loss 0.8502

epoch 99, loss 0.8179

epoch 99, loss 1.0117

epoch 99, loss 1.1595

epoch 99, loss 1.1993

epoch 99, loss 0.8612

epoch 99, loss 1.0201

epoch 99, loss 0.3913

epoch 99, loss 0.8292

epoch 99, loss 0.9891

epoch 99, loss 1.0291

epoch 99, loss 1.1799

epoch 99, loss 1.0811

epoch 99, loss 1.0809

epoch 99, loss 0.9953

epoch 99, loss 1.1441

epoch 99, loss 1.2668

epoch 99, loss 0.9582

epoch 99, loss 1.0649

epoch 99, loss 1.1080

epoch 99, loss 1.0634
Started: Making latenet representations for late_S cells.

epoch 99, loss 1.3409

epoch 99, loss 1.3563

epoch 99, loss 0.4782

epoch 99, loss 0.6010

epoch 99, loss 0.7370

epoch 99, loss 1.3407

epoch 99, loss 0.9600

epoch 99, loss 1.3381

epoch 99, loss 1.1249

epoch 99, loss 0.7341

epoch 99, loss 1.1640

epoch 99, loss 1.0203

epoch 99, loss 1.0352

epoch 99, loss 0.8402

epoch 99, loss 0.8444

epoch 99, loss 1.5009

epoch 99, loss 0.6248

epoch 99, loss 1.4992

epoch 99, loss 1.4716

epoch 99, loss 0.6546

epoch 99, loss 1.2718

epoch 99, loss 0.8002

epoch 99, loss 1.1494

epoch 99, loss 1.5103

epoch 99, loss 1.3625

epoch 99, loss 1.3164

epoch 99, loss 1.4453

epoch 99, loss 1.2608

epoch 99, loss 1.5728

epoch 99, loss 0.7853

epoch 99, loss 1.4188

epoch 99, loss 1.3029

epoch 99, loss 1.1538

epoch 99, loss 1.4114

epoch 99, loss 1.2411

epoch 99, loss 1.3548

epoch 99, loss 0.7453

epoch 99, loss 1.3031

epoch 99, loss 0.9485

epoch 99, loss 1.6517

epoch 99, loss 1.1222

epoch 99, loss 1.1790

epoch 99, loss 0.7796

epoch 99, loss 1.5026

epoch 99, loss 0.9533

epoch 99, loss 0.8952

epoch 99, loss 0.9617

epoch 99, loss 1.2883

epoch 99, loss 1.2187

epoch 99, loss 0.5106

epoch 99, loss 1.2781

epoch 99, loss 1.4599

epoch 99, loss 1.3996

epoch 99, loss 1.3501

epoch 99, loss 1.2509

epoch 99, loss 1.1367

epoch 99, loss 1.4153

epoch 99, loss 1.2085

epoch 99, loss 1.2506

epoch 99, loss 1.2570

epoch 99, loss 1.1869

epoch 99, loss 1.5724

epoch 99, loss 1.4290

epoch 99, loss 0.3767

epoch 99, loss 1.3760

epoch 99, loss 1.5671

epoch 99, loss 1.2700

epoch 99, loss 1.2815

epoch 99, loss 0.5888

epoch 99, loss 1.3187

epoch 99, loss 1.2683

epoch 99, loss 0.8812

epoch 99, loss 0.8835

epoch 99, loss 1.1105

epoch 99, loss 1.1537

epoch 99, loss 1.4876

epoch 99, loss 1.2865

epoch 99, loss 1.3726

epoch 99, loss 1.2624

epoch 99, loss 1.1698

epoch 99, loss 0.8446

epoch 99, loss 1.3388

epoch 99, loss 1.2453

epoch 99, loss 1.3460

epoch 99, loss 1.1496

epoch 99, loss 1.0146

epoch 99, loss 1.4018

epoch 99, loss 1.4313

epoch 99, loss 1.1559

epoch 99, loss 0.8099

epoch 99, loss 1.5262

epoch 99, loss 1.3098

epoch 99, loss 1.4764

epoch 99, loss 1.0587

epoch 99, loss 1.1766

epoch 99, loss 0.6472

epoch 99, loss 1.3571

epoch 99, loss 0.8026

epoch 99, loss 1.3739

epoch 99, loss 1.3834

epoch 99, loss 1.0646

epoch 99, loss 0.8595

epoch 99, loss 1.3241

epoch 99, loss 1.4583

epoch 99, loss 0.8958

epoch 99, loss 1.3373

epoch 99, loss 1.2688

epoch 99, loss 1.1246

epoch 99, loss 1.2712

epoch 99, loss 0.7556

epoch 99, loss 1.3506

epoch 99, loss 1.2094

epoch 99, loss 1.0422

epoch 99, loss 1.0576

epoch 99, loss 1.0367

epoch 99, loss 0.3343

epoch 99, loss 0.7696

epoch 99, loss 0.6834

epoch 99, loss 0.6887

epoch 99, loss 0.6319

epoch 99, loss 1.3088

epoch 99, loss 1.1138

epoch 99, loss 1.4808

epoch 99, loss 0.8681

epoch 99, loss 1.3923

epoch 99, loss 1.0472

epoch 99, loss 1.1569

epoch 99, loss 0.7446

epoch 99, loss 0.9209

epoch 99, loss 0.8633

epoch 99, loss 0.9573

epoch 99, loss 1.3269

epoch 99, loss 0.9305

epoch 99, loss 1.1409

epoch 99, loss 1.3591

epoch 99, loss 1.1936

epoch 99, loss 1.2412

epoch 99, loss 1.0780

epoch 99, loss 1.4691

epoch 99, loss 1.4436

epoch 99, loss 1.1605

epoch 99, loss 1.0987

epoch 99, loss 1.1229

epoch 99, loss 1.0907

epoch 99, loss 0.5457

epoch 99, loss 0.9895

epoch 99, loss 1.4816

epoch 99, loss 1.4126

epoch 99, loss 1.4088

epoch 99, loss 0.4602

epoch 99, loss 1.5337

epoch 99, loss 0.5994

epoch 99, loss 1.5050

epoch 99, loss 1.1393

epoch 99, loss 1.2998

epoch 99, loss 1.3903

epoch 99, loss 1.0158

epoch 99, loss 1.2862

epoch 99, loss 1.0318

epoch 99, loss 1.4207

epoch 99, loss 0.6823

epoch 99, loss 1.2461

epoch 99, loss 0.7799

epoch 99, loss 1.3260

epoch 99, loss 1.5812

epoch 99, loss 1.2812

epoch 99, loss 1.2222

epoch 99, loss 1.5988

epoch 99, loss 1.5508

epoch 99, loss 1.2518

epoch 99, loss 0.5796

epoch 99, loss 1.4067

epoch 99, loss 0.4807

epoch 99, loss 1.0757

epoch 99, loss 0.8257

epoch 99, loss 1.1231

epoch 99, loss 1.2334

epoch 99, loss 1.4544

epoch 99, loss 1.2609

epoch 99, loss 0.7460

epoch 99, loss 0.8787

epoch 99, loss 0.6188

epoch 99, loss 1.0852

epoch 99, loss 0.9157

epoch 99, loss 1.3772

epoch 99, loss 1.1268

epoch 99, loss 0.8216

epoch 99, loss 1.2921

epoch 99, loss 1.3836

epoch 99, loss 1.3604

epoch 99, loss 0.6616

epoch 99, loss 1.4176

epoch 99, loss 1.0818

epoch 99, loss 0.8969

epoch 99, loss 1.3359

epoch 99, loss 0.7416

epoch 99, loss 1.2645

epoch 99, loss 1.5408

epoch 99, loss 0.6761

epoch 99, loss 1.4142

epoch 99, loss 1.3410

epoch 99, loss 1.0808

epoch 99, loss 0.4043

epoch 99, loss 0.9945

epoch 99, loss 1.1558

epoch 99, loss 1.1238

epoch 99, loss 0.7226

epoch 99, loss 1.2386

epoch 99, loss 0.6438

epoch 99, loss 0.9090

epoch 99, loss 0.8147

epoch 99, loss 1.3388

epoch 99, loss 0.6852

epoch 99, loss 1.1792

epoch 99, loss 1.1837

epoch 99, loss 1.2056

epoch 99, loss 0.5947

epoch 99, loss 1.3163

epoch 99, loss 1.3382

epoch 99, loss 0.8033

epoch 99, loss 1.1516

epoch 99, loss 1.2744

epoch 99, loss 1.2427

epoch 99, loss 1.4391

epoch 99, loss 0.5168

epoch 99, loss 1.3670

epoch 99, loss 1.3110

epoch 99, loss 1.2772

epoch 99, loss 0.9431

epoch 99, loss 0.5592

epoch 99, loss 1.2700

epoch 99, loss 1.0469

epoch 99, loss 1.4181

epoch 99, loss 1.1806

epoch 99, loss 1.2490

epoch 99, loss 0.7044

epoch 99, loss 1.3837

epoch 99, loss 1.2605

epoch 99, loss 1.1285

epoch 99, loss 0.4674

epoch 99, loss 1.2326

epoch 99, loss 1.2534

epoch 99, loss 1.2767

epoch 99, loss 1.2095

epoch 99, loss 1.0318

epoch 99, loss 1.2877

epoch 99, loss 1.3037

epoch 99, loss 1.2334

epoch 99, loss 1.4683

epoch 99, loss 1.1528

epoch 99, loss 1.4429

epoch 99, loss 0.7978

epoch 99, loss 1.2668

epoch 99, loss 0.7068

epoch 99, loss 0.7817

epoch 99, loss 1.5503

epoch 99, loss 1.3844

epoch 99, loss 1.4727

epoch 99, loss 1.3680

epoch 99, loss 1.4091

epoch 99, loss 1.1031

epoch 99, loss 1.2920

epoch 99, loss 1.3847

epoch 99, loss 1.3736

epoch 99, loss 1.0522

epoch 99, loss 1.3512

epoch 99, loss 0.8785

epoch 99, loss 1.4366

epoch 99, loss 1.0203

epoch 99, loss 1.3568

epoch 99, loss 1.5364

epoch 99, loss 1.2188

epoch 99, loss 1.2007

epoch 99, loss 1.4771

epoch 99, loss 1.0109

epoch 99, loss 1.0276

epoch 99, loss 1.3170

epoch 99, loss 0.9902

epoch 99, loss 1.4339

epoch 99, loss 1.3004

epoch 99, loss 1.3148

epoch 99, loss 1.3705

epoch 99, loss 1.2728

epoch 99, loss 0.5444

epoch 99, loss 0.9063

epoch 99, loss 1.4158

epoch 99, loss 1.2648

epoch 99, loss 1.1757

epoch 99, loss 1.3207

epoch 99, loss 1.2275

epoch 99, loss 1.4908

epoch 99, loss 1.2294

epoch 99, loss 1.4202

epoch 99, loss 1.3603

epoch 99, loss 0.9119

epoch 99, loss 1.1810

epoch 99, loss 0.6064

epoch 99, loss 1.3805

epoch 99, loss 1.2118

epoch 99, loss 1.0843

epoch 99, loss 1.4405

epoch 99, loss 1.3229

epoch 99, loss 0.9616

epoch 99, loss 1.4258

epoch 99, loss 0.9600

epoch 99, loss 1.0175

epoch 99, loss 1.2487

epoch 99, loss 1.3149

epoch 99, loss 1.2301

epoch 99, loss 1.2329

epoch 99, loss 0.7948

epoch 99, loss 1.1084

epoch 99, loss 1.2316

epoch 99, loss 0.6784

epoch 99, loss 1.3028

epoch 99, loss 1.1383

epoch 99, loss 1.3530

epoch 99, loss 1.4626

epoch 99, loss 1.1197

epoch 99, loss 1.4866

epoch 99, loss 1.3176

epoch 99, loss 1.2935

epoch 99, loss 0.6258

epoch 99, loss 1.2595

epoch 99, loss 1.0415

epoch 99, loss 1.1579
Started: Making latenet representations for mid_S cells.

epoch 99, loss 1.2771

epoch 99, loss 1.3700

epoch 99, loss 1.2971

epoch 99, loss 1.1253

epoch 99, loss 1.2267

epoch 99, loss 1.0134

epoch 99, loss 0.9593

epoch 99, loss 1.2235

epoch 99, loss 1.1516

epoch 99, loss 1.0872

epoch 99, loss 1.3749

epoch 99, loss 1.1562

epoch 99, loss 1.1080

epoch 99, loss 0.7942

epoch 99, loss 1.2585

epoch 99, loss 1.0869

epoch 99, loss 1.4603

epoch 99, loss 0.7140

epoch 99, loss 1.0124

epoch 99, loss 0.7561

epoch 99, loss 1.5926

epoch 99, loss 1.1839

epoch 99, loss 1.5351

epoch 99, loss 1.2115

epoch 99, loss 1.3879

epoch 99, loss 1.2953

epoch 99, loss 1.2606

epoch 99, loss 1.3388

epoch 99, loss 1.3757

epoch 99, loss 0.8555

epoch 99, loss 1.3437

epoch 99, loss 1.2572

epoch 99, loss 1.2416

epoch 99, loss 1.1892

epoch 99, loss 1.2576

epoch 99, loss 0.9287

epoch 99, loss 1.1124

epoch 99, loss 1.3315

epoch 99, loss 0.9489

epoch 99, loss 1.3858

epoch 99, loss 1.1117

epoch 99, loss 1.4312

epoch 99, loss 1.2297

epoch 99, loss 1.1507

epoch 99, loss 1.1954

epoch 99, loss 0.4516

epoch 99, loss 1.4590

epoch 99, loss 1.3528

epoch 99, loss 1.3974

epoch 99, loss 1.4882

epoch 99, loss 0.9412

epoch 99, loss 1.3044

epoch 99, loss 1.4019

epoch 99, loss 1.4105

epoch 99, loss 1.0358

epoch 99, loss 1.3828

epoch 99, loss 0.9740

epoch 99, loss 1.4227

epoch 99, loss 1.2545

epoch 99, loss 1.1233

epoch 99, loss 1.2423

epoch 99, loss 1.3070

epoch 99, loss 0.9576

epoch 99, loss 1.2826

epoch 99, loss 1.3589

epoch 99, loss 1.1397

epoch 99, loss 0.9789

epoch 99, loss 1.3476

epoch 99, loss 1.2498

epoch 99, loss 1.0210

epoch 99, loss 1.4534

epoch 99, loss 1.0072

epoch 99, loss 1.1731

epoch 99, loss 1.2651

epoch 99, loss 1.4066

epoch 99, loss 1.1674

epoch 99, loss 1.3399

epoch 99, loss 1.3214

epoch 99, loss 1.0123

epoch 99, loss 1.6145

epoch 99, loss 1.5713

epoch 99, loss 1.2591

epoch 99, loss 1.3322

epoch 99, loss 1.0888

epoch 99, loss 1.1539

epoch 99, loss 1.3205

epoch 99, loss 1.1223

epoch 99, loss 1.3344

epoch 99, loss 1.3006

epoch 99, loss 1.2416

epoch 99, loss 1.2715

epoch 99, loss 0.8801

epoch 99, loss 1.2141

epoch 99, loss 1.3888

epoch 99, loss 1.1971

epoch 99, loss 1.2081

epoch 99, loss 1.0802

epoch 99, loss 1.2613

epoch 99, loss 1.1393

epoch 99, loss 0.9298

epoch 99, loss 0.8382

epoch 99, loss 1.2437

epoch 99, loss 1.1596

epoch 99, loss 1.1151

epoch 99, loss 1.2839

epoch 99, loss 1.4887

epoch 99, loss 1.3196

epoch 99, loss 0.5067

epoch 99, loss 1.3448

epoch 99, loss 1.3171

epoch 99, loss 1.0326

epoch 99, loss 1.1697

epoch 99, loss 1.2926

epoch 99, loss 1.1029

epoch 99, loss 1.0352

epoch 99, loss 0.7552

epoch 99, loss 0.6430

epoch 99, loss 0.4210

epoch 99, loss 0.4444

epoch 99, loss 1.0544

epoch 99, loss 0.4640

epoch 99, loss 1.0482

epoch 99, loss 1.0709

epoch 99, loss 1.4327

epoch 99, loss 0.4883

epoch 99, loss 1.2732

epoch 99, loss 0.9426

epoch 99, loss 0.7385

epoch 99, loss 0.5865

epoch 99, loss 0.6325

epoch 99, loss 1.2075

epoch 99, loss 1.1757

epoch 99, loss 1.2023

epoch 99, loss 1.0383

epoch 99, loss 0.7211

epoch 99, loss 0.9245

epoch 99, loss 1.1095

epoch 99, loss 1.2563

epoch 99, loss 0.9570

epoch 99, loss 0.8785

epoch 99, loss 1.2605

epoch 99, loss 0.9612

epoch 99, loss 1.6029

epoch 99, loss 1.0602

epoch 99, loss 0.8000

epoch 99, loss 1.3445

epoch 99, loss 1.2856

epoch 99, loss 1.1671

epoch 99, loss 1.2306

epoch 99, loss 1.1839

epoch 99, loss 1.1388

epoch 99, loss 1.1939

epoch 99, loss 1.3056

epoch 99, loss 1.3856

epoch 99, loss 1.3137

epoch 99, loss 1.0880

epoch 99, loss 1.2329

epoch 99, loss 1.3733

epoch 99, loss 0.6059

epoch 99, loss 1.3259

epoch 99, loss 0.6413

epoch 99, loss 1.3042

epoch 99, loss 1.3616

epoch 99, loss 1.2053

epoch 99, loss 1.2290

epoch 99, loss 1.1490

epoch 99, loss 1.3113

epoch 99, loss 0.9519

epoch 99, loss 1.4512

epoch 99, loss 1.3327

epoch 99, loss 1.1224

epoch 99, loss 0.6422

epoch 99, loss 1.1589

epoch 99, loss 1.1549

epoch 99, loss 1.3165

epoch 99, loss 1.2934

epoch 99, loss 1.3024

epoch 99, loss 1.3272

epoch 99, loss 1.4547

epoch 99, loss 1.2843

epoch 99, loss 1.2199

epoch 99, loss 1.2479

epoch 99, loss 1.4007

epoch 99, loss 0.7297

epoch 99, loss 1.2496

epoch 99, loss 0.9454

epoch 99, loss 0.8133

epoch 99, loss 0.7088

epoch 99, loss 1.1885

epoch 99, loss 1.1880

epoch 99, loss 0.8191

epoch 99, loss 1.2228

epoch 99, loss 1.4317

epoch 99, loss 1.2027

epoch 99, loss 1.2810

epoch 99, loss 1.1547

epoch 99, loss 1.4038

epoch 99, loss 1.3172

epoch 99, loss 1.0917

epoch 99, loss 1.0095

epoch 99, loss 1.2112

epoch 99, loss 1.1872

epoch 99, loss 1.2138

epoch 99, loss 1.1665

epoch 99, loss 1.2490

epoch 99, loss 0.5836

epoch 99, loss 1.3252

epoch 99, loss 1.2150

epoch 99, loss 1.3738

epoch 99, loss 1.0415

epoch 99, loss 0.9981

epoch 99, loss 1.3220

epoch 99, loss 1.3147

epoch 99, loss 0.9709

epoch 99, loss 1.4974

epoch 99, loss 1.1483

epoch 99, loss 1.0869

epoch 99, loss 1.4135

epoch 99, loss 1.2084

epoch 99, loss 0.3592

epoch 99, loss 1.1759

epoch 99, loss 1.3620

epoch 99, loss 1.3106

epoch 99, loss 1.2128

epoch 99, loss 1.1730

epoch 99, loss 1.3586

epoch 99, loss 0.9895

epoch 99, loss 1.1645

epoch 99, loss 1.3904

epoch 99, loss 0.6135

epoch 99, loss 1.2868

epoch 99, loss 1.0339

epoch 99, loss 0.7477

epoch 99, loss 0.7357

epoch 99, loss 1.3550

epoch 99, loss 1.2524

epoch 99, loss 1.1744

epoch 99, loss 1.2494

epoch 99, loss 1.2382

epoch 99, loss 1.1064

epoch 99, loss 0.9857

epoch 99, loss 1.0846

epoch 99, loss 1.0142

epoch 99, loss 0.7711

epoch 99, loss 1.1639

epoch 99, loss 1.1240

epoch 99, loss 1.0535

epoch 99, loss 1.2371

epoch 99, loss 1.3073

epoch 99, loss 1.3841

epoch 99, loss 1.3925

epoch 99, loss 1.3487

epoch 99, loss 1.2090

epoch 99, loss 0.8267

epoch 99, loss 1.0273

epoch 99, loss 0.9226

epoch 99, loss 0.6656

epoch 99, loss 0.8301

epoch 99, loss 1.1340

epoch 99, loss 0.6730

epoch 99, loss 1.1932

epoch 99, loss 1.0205

Ending Cell 6------------------------------------------
Executing: 100%|██████████| 6/6 [11:10<00:00, 117.48s/cell]Executing: 100%|██████████| 6/6 [11:11<00:00, 111.93s/cell]
